Trying to load common config
Trying to load client config
Config files are up to date, skipping data/asset generation
Loaded entity minecraft:zombie as entity.minecraft.zombie with weight 35, min day 0 and max day 20
Loaded entity minecraft:zombie_villager as entity.minecraft.zombie_villager with weight 1, min day 0 and max day 20
Loaded entity minecraft:zombie_horse as entity.minecraft.zombie_horse with weight 3, min day 20 and max day 40
Loaded entity minecraft:husk as entity.minecraft.husk with weight 40, min day 20 and max day 40
Loaded entity minecraft:drowned as entity.minecraft.drowned with weight 3, min day 30 and max day 40
Loaded entity minecraft:zoglin as entity.minecraft.zoglin with weight 3, min day 40 and max day 40
Loaded entity minecraft:zombified_piglin as entity.minecraft.zombified_piglin with weight 10, min day 40 and max day 0
Loaded entity minecraft:husk as entity.minecraft.husk with weight 25, min day 50 and max day 0
Loaded entity born_in_chaos_v1:decaying_zombie as entity.born_in_chaos_v1.decaying_zombie with weight 35, min day 0 and max day 20
Loaded entity born_in_chaos_v1:door_knight as entity.born_in_chaos_v1.door_knight with weight 30, min day 0 and max day 20
Loaded entity born_in_chaos_v1:fallen_chaos_knight as entity.born_in_chaos_v1.fallen_chaos_knight with weight 30, min day 0 and max day 20
Loaded entity born_in_chaos_v1:zombie_clown as entity.born_in_chaos_v1.zombie_clown with weight 20, min day 0 and max day 20
Loaded entity born_in_chaos_v1:swarmer as entity.born_in_chaos_v1.swarmer with weight 20, min day 0 and max day 20
Loaded entity minecraft:zoglin as entity.minecraft.zoglin with weight 3, min day 50 and max day 0
Loaded entity minecraft:zombie_horse as entity.minecraft.zombie_horse with weight 3, min day 50 and max day 0
loaded horde table hordes:default
Loaded entity minecraft:drowned as entity.minecraft.drowned with weight 40, min day 0 and max day 20
Loaded entity minecraft:drowned as entity.minecraft.drowned with weight 3, min day 30 and max day 40
loaded horde table hordes:drowned
Loaded entity minecraft:zombie as entity.minecraft.zombie with weight 20, min day 0 and max day 20
Loaded entity minecraft:skeleton as entity.minecraft.skeleton with weight 10, min day 20 and max day 30
Loaded entity minecraft:spider as entity.minecraft.spider with weight 15, min day 20 and max day 30
Loaded entity minecraft:creeper as entity.minecraft.creeper with weight 5, min day 30 and max day 30
Loaded entity minecraft:husk as entity.minecraft.husk with weight 20, min day 30 and max day 50
Loaded entity minecraft:stray as entity.minecraft.stray with weight 10, min day 40 and max day 50
Loaded entity minecraft:cave_spider as entity.minecraft.cave_spider with weight 10, min day 40 and max day 50
Loaded entity minecraft:witch as entity.minecraft.witch with weight 5, min day 40 and max day 50
Loaded entity minecraft:pillager as entity.minecraft.pillager with weight 10, min day 40 and max day 50
Loaded entity minecraft:zombified_piglin as entity.minecraft.zombified_piglin with weight 10, min day 40 and max day 50
Loaded entity minecraft:zombie_horse as entity.minecraft.zombie_horse with weight 3, min day 40 and max day 50
Loaded entity minecraft:wither_skeleton as entity.minecraft.wither_skeleton with weight 10, min day 50 and max day 0
Loaded entity minecraft:phantom as entity.minecraft.phantom with weight 5, min day 50 and max day 50
Loaded entity minecraft:vindicator as entity.minecraft.vindicator with weight 10, min day 50 and max day 50
Loaded entity minecraft:zoglin as entity.minecraft.zoglin with weight 5, min day 40 and max day 40
Loaded entity minecraft:ravager as entity.minecraft.ravager with weight 5, min day 50 and max day 50
Loaded entity minecraft:evoker as entity.minecraft.evoker with weight 5, min day 50 and max day 50
Loaded entity minecraft:piglin_brute as entity.minecraft.piglin_brute with weight 10, min day 60 and max day 0
Loaded entity minecraft:cave_spider as entity.minecraft.cave_spider with weight 15, min day 60 and max day 0
Loaded entity minecraft:zombie_horse as entity.minecraft.zombie_horse with weight 5, min day 60 and max day 0
Loaded entity minecraft:ravager as entity.minecraft.ravager with weight 3, min day 60 and max day 0
Loaded entity minecraft:phantom as entity.minecraft.phantom with weight 3, min day 60 and max day 0
loaded horde table hordes:mixed_mobs
Loaded entity minecraft:pillager as entity.minecraft.pillager with weight 15, min day 0 and max day 0
Loaded entity minecraft:vindicator as entity.minecraft.vindicator with weight 10, min day 0 and max day 0
Loaded entity minecraft:witch as entity.minecraft.witch with weight 5, min day 20 and max day 0
Loaded entity minecraft:ravager as entity.minecraft.ravager with weight 5, min day 30 and max day 40
Loaded entity minecraft:evoker as entity.minecraft.evoker with weight 3, min day 40 and max day 40
Loaded entity minecraft:illusioner as entity.minecraft.illusioner with weight 5, min day 50 and max day 0
Loaded entity minecraft:ravager as entity.minecraft.ravager with weight 3, min day 50 and max day 0
Loaded entity minecraft:ravager as entity.minecraft.ravager with weight 5, min day 50 and max day 0
loaded horde table hordes:illagers
Loaded entity minecraft:skeleton as entity.minecraft.skeleton with weight 10, min day 0 and max day 20
Loaded entity minecraft:skeleton as entity.minecraft.skeleton with weight 20, min day 0 and max day 30
Loaded entity minecraft:skeleton_horse as entity.minecraft.skeleton_horse with weight 5, min day 20 and max day 50
Loaded entity minecraft:stray as entity.minecraft.stray with weight 10, min day 20 and max day 0
Loaded entity minecraft:wither_skeleton as entity.minecraft.wither_skeleton with weight 10, min day 40 and max day 0
Loaded entity minecraft:skeleton_horse as entity.minecraft.skeleton_horse with weight 5, min day 40 and max day 0
loaded horde table hordes:skeletons
Loaded entity minecraft:zombie as entity.minecraft.zombie with weight 30, min day 0 and max day 0
loaded horde table hordes:fallback
loaded horde script hordes:default
Loading conversion tables
Loading conversion table hordes:infection_conversions
Loaded conversion entity.minecraft.horse to entity.minecraft.zombie_horse with chance of 0.65
Loaded conversion entity.minecraft.piglin to entity.minecraft.zombified_piglin with chance of 0.75
Loaded conversion entity.minecraft.piglin_brute to entity.minecraft.zombified_piglin{Attributes:[{Base:50.0f,Name:"generic.max_health"}],chat_name:"entity.hordes.ZombifiedPiglinBrute.name",texture:"hordes:textures/entity/zombified_piglin_brute.png"} with chance of 0.35
Loaded conversion entity.minecraft.hoglin to entity.minecraft.zoglin with chance of 0.15
Loaded conversion entity.minecraft.wandering_trader to entity.minecraft.zombie_villager{VillagerData:{type:"none"},chat_name:"entity.hordes.ZombieWanderingTrader.name",texture:"hordes:textures/entity/zombie_wandering_trader.png"} with chance of 0.75
Loaded conversion entity.minecraft.pillager to entity.minecraft.zombie_villager{Attributes:[{Base:24.0f,Name:"generic.max_health"}],VillagerData:{type:"none"},chat_name:"entity.hordes.ZombiePillager.name",texture:"hordes:textures/entity/zombie_pillager.png"} with chance of 0.75
Loaded conversion entity.minecraft.vindicator to entity.minecraft.zombie_villager{Attributes:[{Base:24.0f,Name:"generic.max_health"}],VillagerData:{type:"none"},chat_name:"entity.hordes.ZombieVindicator.name",texture:"hordes:textures/entity/zombie_vindicator.png"} with chance of 0.35
Loaded conversion entity.minecraft.evoker to entity.minecraft.zombie_villager{Attributes:[{Base:24.0f,Name:"generic.max_health"}],VillagerData:{type:"none"},chat_name:"entity.hordes.ZombieEvoker.name",texture:"hordes:textures/entity/zombie_evoker.png"} with chance of 0.5
Loaded conversion entity.minecraft.illusioner to entity.minecraft.zombie_villager{Attributes:[{Base:32.0f,Name:"generic.max_health"}],VillagerData:{type:"none"},chat_name:"entity.hordes.ZombieIllusioner.name",texture:"hordes:textures/entity/zombie_illusioner.png"} with chance of 0.15
Loaded conversion entity.minecraft.witch to entity.minecraft.zombie_villager{Attributes:[{Base:26.0f,Name:"generic.max_health"}],VillagerData:{type:"none"},chat_name:"entity.hordes.ZombieWitch.name",texture:"hordes:textures/entity/zombie_witch.png"} with chance of 0.25
Loading immunity item list
Loading immunity item list hordes:immunity_items
Loaded immunity item minecraft:golden_apple with duration 150
Loading wearables protection list
Loading wearables protection list hordes:immune_wearables
Loaded wearable protection minecraft:leather_boots with modifier 0.95
Loaded wearable protection minecraft:leather_leggings with modifier 0.95
Loaded wearable protection minecraft:leather_chestplate with modifier 0.95
Loaded wearable protection minecraft:leather_helmet with modifier 0.95
Loaded wearable protection minecraft:chainmail_boots with modifier 0.95
Loaded wearable protection minecraft:chainmail_leggings with modifier 0.95
Loaded wearable protection minecraft:chainmail_chestplate with modifier 0.95
Loaded wearable protection minecraft:chainmail_helmet with modifier 0.95
Loaded wearable protection minecraft:iron_boots with modifier 0.9
Loaded wearable protection minecraft:iron_leggings with modifier 0.9
Loaded wearable protection minecraft:iron_chestplate with modifier 0.9
Loaded wearable protection minecraft:iron_helmet with modifier 0.9
Loaded wearable protection minecraft:golden_boots with modifier 0.9
Loaded wearable protection minecraft:golden_leggings with modifier 0.9
Loaded wearable protection minecraft:golden_chestplate with modifier 0.9
Loaded wearable protection minecraft:golden_helmet with modifier 0.9
Loaded wearable protection minecraft:diamond_boots with modifier 0.86
Loaded wearable protection minecraft:diamond_leggings with modifier 0.86
Loaded wearable protection minecraft:diamond_chestplate with modifier 0.86
Loaded wearable protection minecraft:diamond_helmet with modifier 0.86
Loaded wearable protection minecraft:netherite_boots with modifier 0.82
Loaded wearable protection minecraft:netherite_leggings with modifier 0.82
Loaded wearable protection minecraft:netherite_chestplate with modifier 0.82
Loaded wearable protection minecraft:netherite_helmet with modifier 0.82
Loaded wearable protection minecraft:turtle_helmet with modifier 0.75
[net.smileycorp.hordes.hordeevent.capability.HordeEvent@78ee3852]Trying to start horde event on day 230 with nextDay 230 and time 18000
Applying script hordes:default for event net.smileycorp.hordes.common.event.HordeBuildSpawnDataEvent@77ad814
Adding entry HordeSpawnEntry[type=entity.minecraft.zombified_piglin,weight=10,minDay=40,maxDay=0] to hordespawn on day 220
Adding entry HordeSpawnEntry[type=entity.minecraft.husk,weight=25,minDay=50,maxDay=0] to hordespawn on day 220
Adding entry HordeSpawnEntry[type=entity.minecraft.zoglin,weight=3,minDay=50,maxDay=0]{{Passengers:[{HandItems:[{Count:1,id:"trident"}],id:"drowned"}]}} to hordespawn on day 220
Adding entry HordeSpawnEntry[type=entity.minecraft.zombie_horse,weight=3,minDay=50,maxDay=0]{{Passengers:[{HandItems:[{Count:1,id:"trident"}],id:"drowned"}]}} to hordespawn on day 220
Adding entry HordeSpawnEntry[type=entity.minecraft.zombified_piglin,weight=10,minDay=40,maxDay=0] to hordespawn on day 230
Adding entry HordeSpawnEntry[type=entity.minecraft.husk,weight=25,minDay=50,maxDay=0] to hordespawn on day 230
Adding entry HordeSpawnEntry[type=entity.minecraft.zoglin,weight=3,minDay=50,maxDay=0]{{Passengers:[{HandItems:[{Count:1,id:"trident"}],id:"drowned"}]}} to hordespawn on day 230
Adding entry HordeSpawnEntry[type=entity.minecraft.zombie_horse,weight=3,minDay=50,maxDay=0]{{Passengers:[{HandItems:[{Count:1,id:"trident"}],id:"drowned"}]}} to hordespawn on day 230
Adding entry HordeSpawnEntry[type=entity.minecraft.zombified_piglin,weight=10,minDay=40,maxDay=0] to hordespawn on day 230
Adding entry HordeSpawnEntry[type=entity.minecraft.husk,weight=25,minDay=50,maxDay=0] to hordespawn on day 230
Adding entry HordeSpawnEntry[type=entity.minecraft.zoglin,weight=3,minDay=50,maxDay=0]{{Passengers:[{HandItems:[{Count:1,id:"trident"}],id:"drowned"}],id:"minecraft:zoglin"}} to hordespawn on day 230
Adding entry HordeSpawnEntry[type=entity.minecraft.zombie_horse,weight=3,minDay=50,maxDay=0]{{AbsorptionAmount:0.0f,Age:0,ArmorDropChances:[0.085f,0.085f,0.085f,0.085f],ArmorItems:[{},{},{},{}],Attributes:[{Base:0.8608810952661673d,Name:"minecraft:horse.jump_strength"},{Base:35.0d,Modifiers:[{Amount:-0.07961185365233196d,Name:"Random spawn bonus",Operation:1,UUID:[I;478627075,-184466652,-1975057660,2081176440]}],Name:"minecraft:generic.follow_range"}],Brain:{memories:{}},Bred:0b,CanPickUpLoot:0b,CitadelData:{},ConversionTime:-1,DeathTime:0s,EatingHaystack:0b,FallFlying:0b,ForcedAge:0,HandDropChances:[0.085f,0.085f],HandItems:[{},{}],Health:15.0f,HurtByTimestamp:0,HurtTime:0s,InLove:0,LeftHanded:0b,Passengers:[{HandItems:[{Count:1,id:"trident"}],id:"drowned"}],PersistenceRequired:0b,Tame:0b,Temper:0,id:"minecraft:zombie_horse"}} to hordespawn on day 230
Adding entry HordeSpawnEntry[type=entity.minecraft.zombified_piglin,weight=10,minDay=40,maxDay=0] to hordespawn on day 230
Adding entry HordeSpawnEntry[type=entity.minecraft.husk,weight=25,minDay=50,maxDay=0] to hordespawn on day 230
Adding entry HordeSpawnEntry[type=entity.minecraft.zoglin,weight=3,minDay=50,maxDay=0]{{Passengers:[{HandItems:[{Count:1,id:"trident"}],id:"drowned"}],id:"minecraft:zoglin"}} to hordespawn on day 230
Adding entry HordeSpawnEntry[type=entity.minecraft.zombie_horse,weight=3,minDay=50,maxDay=0]{{AbsorptionAmount:0.0f,Age:0,ArmorDropChances:[0.085f,0.085f,0.085f,0.085f],ArmorItems:[{},{},{},{}],Attributes:[{Base:0.6933199289003757d,Name:"minecraft:horse.jump_strength"},{Base:35.0d,Modifiers:[{Amount:-0.06747266441176289d,Name:"Random spawn bonus",Operation:1,UUID:[I;-243450512,-1462483706,-1920410086,-1873731009]}],Name:"minecraft:generic.follow_range"}],Brain:{memories:{}},Bred:0b,CanPickUpLoot:0b,CitadelData:{},ConversionTime:-1,DeathTime:0s,EatingHaystack:0b,FallFlying:0b,ForcedAge:0,HandDropChances:[0.085f,0.085f],HandItems:[{},{}],Health:15.0f,HurtByTimestamp:0,HurtTime:0s,InLove:0,LeftHanded:0b,Passengers:[{HandItems:[{Count:1,id:"trident"}],id:"drowned"}],PersistenceRequired:0b,Tame:0b,Temper:0,id:"minecraft:zombie_horse"}} to hordespawn on day 230
Adding entry HordeSpawnEntry[type=entity.minecraft.zombified_piglin,weight=10,minDay=40,maxDay=0] to hordespawn on day 230
Adding entry HordeSpawnEntry[type=entity.minecraft.husk,weight=25,minDay=50,maxDay=0] to hordespawn on day 230
Adding entry HordeSpawnEntry[type=entity.minecraft.zoglin,weight=3,minDay=50,maxDay=0]{{Passengers:[{HandItems:[{Count:1,id:"trident"}],id:"drowned"}],id:"minecraft:zoglin"}} to hordespawn on day 230
Adding entry HordeSpawnEntry[type=entity.minecraft.zombie_horse,weight=3,minDay=50,maxDay=0]{{AbsorptionAmount:0.0f,Age:0,ArmorDropChances:[0.085f,0.085f,0.085f,0.085f],ArmorItems:[{},{},{},{}],Attributes:[{Base:0.8186967221519506d,Name:"minecraft:horse.jump_strength"},{Base:35.0d,Modifiers:[{Amount:-0.006314007877804422d,Name:"Random spawn bonus",Operation:1,UUID:[I;2105186500,-1387773255,-1200035332,-1630209945]}],Name:"minecraft:generic.follow_range"}],Brain:{memories:{}},Bred:0b,CanPickUpLoot:0b,CitadelData:{},ConversionTime:-1,DeathTime:0s,EatingHaystack:0b,FallFlying:0b,ForcedAge:0,HandDropChances:[0.085f,0.085f],HandItems:[{},{}],Health:15.0f,HurtByTimestamp:0,HurtTime:0s,InLove:0,LeftHanded:0b,Passengers:[{HandItems:[{Count:1,id:"trident"}],id:"drowned"}],PersistenceRequired:0b,Tame:0b,Temper:0,id:"minecraft:zombie_horse"}} to hordespawn on day 230
Adding entry HordeSpawnEntry[type=entity.minecraft.zombified_piglin,weight=10,minDay=40,maxDay=0] to hordespawn on day 230
Adding entry HordeSpawnEntry[type=entity.minecraft.husk,weight=25,minDay=50,maxDay=0] to hordespawn on day 230
Adding entry HordeSpawnEntry[type=entity.minecraft.zoglin,weight=3,minDay=50,maxDay=0]{{Passengers:[{HandItems:[{Count:1,id:"trident"}],id:"drowned"}],id:"minecraft:zoglin"}} to hordespawn on day 230
Adding entry HordeSpawnEntry[type=entity.minecraft.zombie_horse,weight=3,minDay=50,maxDay=0]{{AbsorptionAmount:0.0f,Age:0,ArmorDropChances:[0.085f,0.085f,0.085f,0.085f],ArmorItems:[{},{},{},{}],Attributes:[{Base:0.7454299276273202d,Name:"minecraft:horse.jump_strength"},{Base:35.0d,Modifiers:[{Amount:-0.022279831758811132d,Name:"Random spawn bonus",Operation:1,UUID:[I;-429816081,-1786164943,-1334332153,-402265771]}],Name:"minecraft:generic.follow_range"}],Brain:{memories:{}},Bred:0b,CanPickUpLoot:0b,CitadelData:{},ConversionTime:-1,DeathTime:0s,EatingHaystack:0b,FallFlying:0b,ForcedAge:0,HandDropChances:[0.085f,0.085f],HandItems:[{},{}],Health:15.0f,HurtByTimestamp:0,HurtTime:0s,InLove:0,LeftHanded:0b,Passengers:[{HandItems:[{Count:1,id:"trident"}],id:"drowned"}],PersistenceRequired:0b,Tame:0b,Temper:0,id:"minecraft:zombie_horse"}} to hordespawn on day 230
Adding entry HordeSpawnEntry[type=entity.minecraft.zombified_piglin,weight=10,minDay=40,maxDay=0] to hordespawn on day 230
Adding entry HordeSpawnEntry[type=entity.minecraft.husk,weight=25,minDay=50,maxDay=0] to hordespawn on day 230
Adding entry HordeSpawnEntry[type=entity.minecraft.zoglin,weight=3,minDay=50,maxDay=0]{{Passengers:[{HandItems:[{Count:1,id:"trident"}],id:"drowned"}],id:"minecraft:zoglin"}} to hordespawn on day 230
Adding entry HordeSpawnEntry[type=entity.minecraft.zombie_horse,weight=3,minDay=50,maxDay=0]{{AbsorptionAmount:0.0f,Age:0,ArmorDropChances:[0.085f,0.085f,0.085f,0.085f],ArmorItems:[{},{},{},{}],Attributes:[{Base:0.5912284595993677d,Name:"minecraft:horse.jump_strength"},{Base:35.0d,Modifiers:[{Amount:0.008647993374409196d,Name:"Random spawn bonus",Operation:1,UUID:[I;186009378,-1227014091,-1807616226,1537623662]}],Name:"minecraft:generic.follow_range"}],Brain:{memories:{}},Bred:0b,CanPickUpLoot:0b,CitadelData:{},ConversionTime:-1,DeathTime:0s,EatingHaystack:0b,FallFlying:0b,ForcedAge:0,HandDropChances:[0.085f,0.085f],HandItems:[{},{}],Health:15.0f,HurtByTimestamp:0,HurtTime:0s,InLove:0,LeftHanded:0b,Passengers:[{HandItems:[{Count:1,id:"trident"}],id:"drowned"}],PersistenceRequired:0b,Tame:0b,Temper:0,id:"minecraft:zombie_horse"}} to hordespawn on day 230
