[14Dec2024 00:00:57.295] [Server thread/ERROR] [net.minecraftforge.eventbus.EventBus/EVENTBUS]: Exception caught during firing event: Cannot invoke "net.minecraft.world.entity.Entity.m_20206_()" because "entityHeld" is null
	Index: 1
	Listeners:
		0: HIGH
		1: ASM: class tschipp.carryon.events.CommonEvents onEntityRightClick(Lnet/minecraftforge/event/entity/player/PlayerInteractEvent$EntityInteract;)V
		2: ASM: class dev.architectury.event.forge.EventHandlerImplCommon eventPlayerInteractEvent(Lnet/minecraftforge/event/entity/player/PlayerInteractEvent$EntityInteract;)V
		3: ASM: team.creative.playerrevive.server.ReviveEventServer@2039bb8e playerInteract(Lnet/minecraftforge/event/entity/player/PlayerInteractEvent$EntityInteract;)V
		4: NORMAL
		5: ASM: com.github.alexthe666.alexsmobs.event.ServerEvents@20301256 onInteractWithEntity(Lnet/minecraftforge/event/entity/player/PlayerInteractEvent$EntityInteract;)V
		6: ASM: com.github.alexmodguy.alexscaves.server.event.CommonEvents@618de1bb playerEntityInteract(Lnet/minecraftforge/event/entity/player/PlayerInteractEvent$EntityInteract;)V
		7: ASM: class net.mcreator.spelunkerscharm.procedures.PlaceBlocksInMinecartsProcedure onRightClickEntity(Lnet/minecraftforge/event/entity/player/PlayerInteractEvent$EntityInteract;)V
		8: ASM: com.github.L_Ender.cataclysm.event.ServerEventHandler@5522d070 onPlayerInteract(Lnet/minecraftforge/event/entity/player/PlayerInteractEvent$EntityInteract;)V
		9: ASM: class net.mcreator.borninchaosv.procedures.TransmutingElixirclicProcedure onRightClickEntity(Lnet/minecraftforge/event/entity/player/PlayerInteractEvent$EntityInteract;)V
		10: ASM: class net.mcreator.borninchaosv.procedures.ThornshellCrabPriShchielchkiePKMPoSushchnostiProcedure onRightClickEntity(Lnet/minecraftforge/event/entity/player/PlayerInteractEvent$EntityInteract;)V
		11: ASM: class net.mcreator.borninchaosv.procedures.SwarmerPreparationProcedure onRightClickEntity(Lnet/minecraftforge/event/entity/player/PlayerInteractEvent$EntityInteract;)V
		12: ASM: class net.mcreator.borninchaosv.procedures.DreadHoundPriNazhatiiPravoiKnopkiNaSushchnostProcedure onRightClickEntity(Lnet/minecraftforge/event/entity/player/PlayerInteractEvent$EntityInteract;)V
		13: ASM: class net.mcreator.borninchaosv.procedures.DarkRitualDaggerPProcedure onRightClickEntity(Lnet/minecraftforge/event/entity/player/PlayerInteractEvent$EntityInteract;)V
		14: ASM: com.corosus.zombieawareness.ZAEventHandler@55604b6d interact(Lnet/minecraftforge/event/entity/player/PlayerInteractEvent;)V
		15: ASM: class tictim.paraglider.forge.event.ParagliderEventHandler onPlayerInteract(Lnet/minecraftforge/event/entity/player/PlayerInteractEvent;)V
		16: ASM: com.sk89q.worldedit.forge.ForgeWorldEdit@3b75775d onPlayerInteract(Lnet/minecraftforge/event/entity/player/PlayerInteractEvent;)V
		17: LOW
		18: ASM: class net.mehvahdjukaar.supplementaries.common.events.forge.ServerEventsForge onEntityInteract(Lnet/minecraftforge/event/entity/player/PlayerInteractEvent$EntityInteract;)V
java.lang.NullPointerException: Cannot invoke "net.minecraft.world.entity.Entity.m_20206_()" because "entityHeld" is null
	at TRANSFORMER/carryon@2.1.2.7/tschipp.carryon.common.carry.PlacementHandler.tryStackEntity(PlacementHandler.java:199)
	at TRANSFORMER/carryon@2.1.2.7/tschipp.carryon.events.CommonEvents.onEntityRightClick(CommonEvents.java:124)
	at TRANSFORMER/carryon@2.1.2.7/tschipp.carryon.events.__CommonEvents_onEntityRightClick_EntityInteract.invoke(.dynamic)
	at MC-BOOTSTRAP/net.minecraftforge.eventbus/net.minecraftforge.eventbus.ASMEventHandler.invoke(ASMEventHandler.java:73)
	at MC-BOOTSTRAP/net.minecraftforge.eventbus/net.minecraftforge.eventbus.EventBus.post(EventBus.java:315)
	at MC-BOOTSTRAP/net.minecraftforge.eventbus/net.minecraftforge.eventbus.EventBus.post(EventBus.java:296)
	at TRANSFORMER/forge@47.3.7/net.minecraftforge.common.ForgeHooks.onInteractEntity(ForgeHooks.java:764)
	at TRANSFORMER/minecraft@1.20.1/net.minecraft.world.entity.player.Player.m_36157_(Player.java:975)
	at TRANSFORMER/minecraft@1.20.1/net.minecraft.server.network.ServerGamePacketListenerImpl$1.m_143678_(ServerGamePacketListenerImpl.java:1460)
	at TRANSFORMER/minecraft@1.20.1/net.minecraft.server.network.ServerGamePacketListenerImpl$1.m_142299_(ServerGamePacketListenerImpl.java:1472)
	at TRANSFORMER/minecraft@1.20.1/net.minecraft.network.protocol.game.ServerboundInteractPacket$InteractionAction.m_142457_(ServerboundInteractPacket.java:116)
	at TRANSFORMER/minecraft@1.20.1/net.minecraft.network.protocol.game.ServerboundInteractPacket.m_179617_(ServerboundInteractPacket.java:66)
	at TRANSFORMER/minecraft@1.20.1/net.minecraft.server.network.ServerGamePacketListenerImpl.m_6946_(ServerGamePacketListenerImpl.java:1455)
	at TRANSFORMER/minecraft@1.20.1/net.minecraft.network.protocol.game.ServerboundInteractPacket.m_5797_(ServerboundInteractPacket.java:53)
	at TRANSFORMER/minecraft@1.20.1/net.minecraft.network.protocol.game.ServerboundInteractPacket.m_5797_(ServerboundInteractPacket.java:13)
	at TRANSFORMER/minecraft@1.20.1/net.minecraft.network.protocol.PacketUtils.m_263899_(PacketUtils.java:22)
	at TRANSFORMER/minecraft@1.20.1/net.minecraft.server.TickTask.run(TickTask.java:18)
	at TRANSFORMER/minecraft@1.20.1/net.minecraft.util.thread.BlockableEventLoop.m_6367_(BlockableEventLoop.java:156)
	at TRANSFORMER/minecraft@1.20.1/net.minecraft.util.thread.ReentrantBlockableEventLoop.m_6367_(ReentrantBlockableEventLoop.java:23)
	at TRANSFORMER/minecraft@1.20.1/net.minecraft.server.MinecraftServer.m_6367_(MinecraftServer.java:770)
	at TRANSFORMER/minecraft@1.20.1/net.minecraft.server.MinecraftServer.m_6367_(MinecraftServer.java:161)
	at TRANSFORMER/minecraft@1.20.1/net.minecraft.util.thread.BlockableEventLoop.m_7245_(BlockableEventLoop.java:130)
	at TRANSFORMER/minecraft@1.20.1/net.minecraft.server.MinecraftServer.m_129961_(MinecraftServer.java:753)
	at TRANSFORMER/minecraft@1.20.1/net.minecraft.server.MinecraftServer.m_7245_(MinecraftServer.java:747)
	at TRANSFORMER/minecraft@1.20.1/net.minecraft.util.thread.BlockableEventLoop.m_18699_(BlockableEventLoop.java:115)
	at TRANSFORMER/minecraft@1.20.1/net.minecraft.server.MinecraftServer.m_130012_(MinecraftServer.java:732)
	at TRANSFORMER/minecraft@1.20.1/net.minecraft.server.MinecraftServer.m_130011_(MinecraftServer.java:665)
	at TRANSFORMER/minecraft@1.20.1/net.minecraft.server.MinecraftServer.m_206580_(MinecraftServer.java:251)
	at java.base/java.lang.Thread.run(Thread.java:1583)

[14Dec2024 00:00:57.299] [Server thread/ERROR] [net.minecraft.network.protocol.PacketUtils/]: Failed to handle packet net.minecraft.network.protocol.game.ServerboundInteractPacket@348970ba, suppressing error
java.lang.NullPointerException: Cannot invoke "net.minecraft.world.entity.Entity.m_20206_()" because "entityHeld" is null
	at tschipp.carryon.common.carry.PlacementHandler.tryStackEntity(PlacementHandler.java:199) ~[carryon-forge-1.20.1-2.1.2.7.jar%23178!/:2.1.2.7]
	at tschipp.carryon.events.CommonEvents.onEntityRightClick(CommonEvents.java:124) ~[carryon-forge-1.20.1-2.1.2.7.jar%23178!/:2.1.2.7]
	at tschipp.carryon.events.__CommonEvents_onEntityRightClick_EntityInteract.invoke(.dynamic) ~[carryon-forge-1.20.1-2.1.2.7.jar%23178!/:2.1.2.7]
	at net.minecraftforge.eventbus.ASMEventHandler.invoke(ASMEventHandler.java:73) ~[eventbus-6.0.5.jar%2352!/:?]
	at net.minecraftforge.eventbus.EventBus.post(EventBus.java:315) ~[eventbus-6.0.5.jar%2352!/:?]
	at net.minecraftforge.eventbus.EventBus.post(EventBus.java:296) ~[eventbus-6.0.5.jar%2352!/:?]
	at net.minecraftforge.common.ForgeHooks.onInteractEntity(ForgeHooks.java:764) ~[forge-1.20.1-47.3.7-universal.jar%23240!/:?]
	at net.minecraft.world.entity.player.Player.m_36157_(Player.java:975) ~[server-1.20.1-20230612.114412-srg.jar%23235!/:?]
	at net.minecraft.server.network.ServerGamePacketListenerImpl$1.m_143678_(ServerGamePacketListenerImpl.java:1460) ~[server-1.20.1-20230612.114412-srg.jar%23235!/:?]
	at net.minecraft.server.network.ServerGamePacketListenerImpl$1.m_142299_(ServerGamePacketListenerImpl.java:1472) ~[server-1.20.1-20230612.114412-srg.jar%23235!/:?]
	at net.minecraft.network.protocol.game.ServerboundInteractPacket$InteractionAction.m_142457_(ServerboundInteractPacket.java:116) ~[server-1.20.1-20230612.114412-srg.jar%23235!/:?]
	at net.minecraft.network.protocol.game.ServerboundInteractPacket.m_179617_(ServerboundInteractPacket.java:66) ~[server-1.20.1-20230612.114412-srg.jar%23235!/:?]
	at net.minecraft.server.network.ServerGamePacketListenerImpl.m_6946_(ServerGamePacketListenerImpl.java:1455) ~[server-1.20.1-20230612.114412-srg.jar%23235!/:?]
	at net.minecraft.network.protocol.game.ServerboundInteractPacket.m_5797_(ServerboundInteractPacket.java:53) ~[server-1.20.1-20230612.114412-srg.jar%23235!/:?]
	at net.minecraft.network.protocol.game.ServerboundInteractPacket.m_5797_(ServerboundInteractPacket.java:13) ~[server-1.20.1-20230612.114412-srg.jar%23235!/:?]
	at net.minecraft.network.protocol.PacketUtils.m_263899_(PacketUtils.java:22) ~[server-1.20.1-20230612.114412-srg.jar%23235!/:?]
	at net.minecraft.server.TickTask.run(TickTask.java:18) ~[server-1.20.1-20230612.114412-srg.jar%23235!/:?]
	at net.minecraft.util.thread.BlockableEventLoop.m_6367_(BlockableEventLoop.java:156) ~[server-1.20.1-20230612.114412-srg.jar%23235!/:?]
	at net.minecraft.util.thread.ReentrantBlockableEventLoop.m_6367_(ReentrantBlockableEventLoop.java:23) ~[server-1.20.1-20230612.114412-srg.jar%23235!/:?]
	at net.minecraft.server.MinecraftServer.m_6367_(MinecraftServer.java:770) ~[server-1.20.1-20230612.114412-srg.jar%23235!/:?]
	at net.minecraft.server.MinecraftServer.m_6367_(MinecraftServer.java:161) ~[server-1.20.1-20230612.114412-srg.jar%23235!/:?]
	at net.minecraft.util.thread.BlockableEventLoop.m_7245_(BlockableEventLoop.java:130) ~[server-1.20.1-20230612.114412-srg.jar%23235!/:?]
	at net.minecraft.server.MinecraftServer.m_129961_(MinecraftServer.java:753) ~[server-1.20.1-20230612.114412-srg.jar%23235!/:?]
	at net.minecraft.server.MinecraftServer.m_7245_(MinecraftServer.java:747) ~[server-1.20.1-20230612.114412-srg.jar%23235!/:?]
	at net.minecraft.util.thread.BlockableEventLoop.m_18699_(BlockableEventLoop.java:115) ~[server-1.20.1-20230612.114412-srg.jar%23235!/:?]
	at net.minecraft.server.MinecraftServer.m_130012_(MinecraftServer.java:732) ~[server-1.20.1-20230612.114412-srg.jar%23235!/:?]
	at net.minecraft.server.MinecraftServer.m_130011_(MinecraftServer.java:665) ~[server-1.20.1-20230612.114412-srg.jar%23235!/:?]
	at net.minecraft.server.MinecraftServer.m_206580_(MinecraftServer.java:251) ~[server-1.20.1-20230612.114412-srg.jar%23235!/:?]
	at java.lang.Thread.run(Thread.java:1583) ~[?:?]
[14Dec2024 00:01:57.778] [Server thread/WARN] [net.minecraft.server.network.ServerGamePacketListenerImpl/]: lordxhadesfn moved too quickly! -5.774766191994416,-3.3749928050017814,-7.716427545876421
